  filelib.c
c:\users\encode\gsfp-dam\proyectos\(p) icx0_p4 programa comandos personalizados para el sistema operativo\producto2\proyecto\producto2\filelib\filelib.c(12): warning C4047: 'función': 'char *' es distinto en los niveles de direccionamiento indirecto de 'const char *[255]'
c:\users\encode\gsfp-dam\proyectos\(p) icx0_p4 programa comandos personalizados para el sistema operativo\producto2\proyecto\producto2\filelib\filelib.c(12): warning C4024: 'read_string': tipos distintos para el parámetro formal y el parámetro real 1
c:\users\encode\gsfp-dam\proyectos\(p) icx0_p4 programa comandos personalizados para el sistema operativo\producto2\proyecto\producto2\filelib\filelib.c(15): warning C4047: 'función': 'const char *' es distinto en los niveles de direccionamiento indirecto de 'const char *[255]'
c:\users\encode\gsfp-dam\proyectos\(p) icx0_p4 programa comandos personalizados para el sistema operativo\producto2\proyecto\producto2\filelib\filelib.c(15): warning C4024: 'open_file': tipos distintos para el parámetro formal y el parámetro real 1
c:\users\encode\gsfp-dam\proyectos\(p) icx0_p4 programa comandos personalizados para el sistema operativo\producto2\proyecto\producto2\filelib\filelib.c(45): warning C4047: 'función': 'char *' es distinto en los niveles de direccionamiento indirecto de 'const char *[255]'
c:\users\encode\gsfp-dam\proyectos\(p) icx0_p4 programa comandos personalizados para el sistema operativo\producto2\proyecto\producto2\filelib\filelib.c(45): warning C4024: 'read_string': tipos distintos para el parámetro formal y el parámetro real 1
c:\users\encode\gsfp-dam\proyectos\(p) icx0_p4 programa comandos personalizados para el sistema operativo\producto2\proyecto\producto2\filelib\filelib.c(48): warning C4047: 'función': 'const char *' es distinto en los niveles de direccionamiento indirecto de 'const char *[255]'
c:\users\encode\gsfp-dam\proyectos\(p) icx0_p4 programa comandos personalizados para el sistema operativo\producto2\proyecto\producto2\filelib\filelib.c(48): warning C4024: 'open_file': tipos distintos para el parámetro formal y el parámetro real 1
c:\users\encode\gsfp-dam\proyectos\(p) icx0_p4 programa comandos personalizados para el sistema operativo\producto2\proyecto\producto2\filelib\filelib.c(59): warning C4047: 'función': 'char *' es distinto en los niveles de direccionamiento indirecto de 'const char *[255]'
c:\users\encode\gsfp-dam\proyectos\(p) icx0_p4 programa comandos personalizados para el sistema operativo\producto2\proyecto\producto2\filelib\filelib.c(59): warning C4024: 'read_string': tipos distintos para el parámetro formal y el parámetro real 1
c:\users\encode\gsfp-dam\proyectos\(p) icx0_p4 programa comandos personalizados para el sistema operativo\producto2\proyecto\producto2\filelib\filelib.c(62): warning C4047: 'función': 'const char *' es distinto en los niveles de direccionamiento indirecto de 'const char *[255]'
c:\users\encode\gsfp-dam\proyectos\(p) icx0_p4 programa comandos personalizados para el sistema operativo\producto2\proyecto\producto2\filelib\filelib.c(62): warning C4024: 'create_file': tipos distintos para el parámetro formal y el parámetro real 1
c:\users\encode\gsfp-dam\proyectos\(p) icx0_p4 programa comandos personalizados para el sistema operativo\producto2\proyecto\producto2\filelib\filelib.c(85): warning C4047: 'función': 'const char *' es distinto en los niveles de direccionamiento indirecto de 'const char *[255]'
c:\users\encode\gsfp-dam\proyectos\(p) icx0_p4 programa comandos personalizados para el sistema operativo\producto2\proyecto\producto2\filelib\filelib.c(85): warning C4024: 'remove': tipos distintos para el parámetro formal y el parámetro real 1
c:\users\encode\gsfp-dam\proyectos\(p) icx0_p4 programa comandos personalizados para el sistema operativo\producto2\proyecto\producto2\filelib\filelib.c(101): warning C4047: 'función': 'char *' es distinto en los niveles de direccionamiento indirecto de 'const char *[255]'
c:\users\encode\gsfp-dam\proyectos\(p) icx0_p4 programa comandos personalizados para el sistema operativo\producto2\proyecto\producto2\filelib\filelib.c(101): warning C4024: 'read_string': tipos distintos para el parámetro formal y el parámetro real 1
c:\users\encode\gsfp-dam\proyectos\(p) icx0_p4 programa comandos personalizados para el sistema operativo\producto2\proyecto\producto2\filelib\filelib.c(104): warning C4047: 'función': 'const char *' es distinto en los niveles de direccionamiento indirecto de 'const char *[255]'
c:\users\encode\gsfp-dam\proyectos\(p) icx0_p4 programa comandos personalizados para el sistema operativo\producto2\proyecto\producto2\filelib\filelib.c(104): warning C4024: 'open_file': tipos distintos para el parámetro formal y el parámetro real 1
c:\users\encode\gsfp-dam\proyectos\(p) icx0_p4 programa comandos personalizados para el sistema operativo\producto2\proyecto\producto2\filelib\filelib.c(115): warning C4047: 'función': 'char *' es distinto en los niveles de direccionamiento indirecto de 'const char *[255]'
c:\users\encode\gsfp-dam\proyectos\(p) icx0_p4 programa comandos personalizados para el sistema operativo\producto2\proyecto\producto2\filelib\filelib.c(115): warning C4024: 'read_string': tipos distintos para el parámetro formal y el parámetro real 1
c:\users\encode\gsfp-dam\proyectos\(p) icx0_p4 programa comandos personalizados para el sistema operativo\producto2\proyecto\producto2\filelib\filelib.c(125): warning C4013: 'strstr' sin definir; se supone que extern devuelve como resultado int
c:\users\encode\gsfp-dam\proyectos\(p) icx0_p4 programa comandos personalizados para el sistema operativo\producto2\proyecto\producto2\filelib\filelib.c(125): warning C4047: '!=': 'int' es distinto en los niveles de direccionamiento indirecto de 'void *'
c:\users\encode\gsfp-dam\proyectos\(p) icx0_p4 programa comandos personalizados para el sistema operativo\producto2\proyecto\producto2\filelib\filelib.c(148): warning C4996: 'fopen': This function or variable may be unsafe. Consider using fopen_s instead. To disable deprecation, use _CRT_SECURE_NO_WARNINGS. See online help for details.
  c:\program files (x86)\windows kits\10\include\10.0.17134.0\ucrt\stdio.h(208): note: vea la declaración de 'fopen'
c:\users\encode\gsfp-dam\proyectos\(p) icx0_p4 programa comandos personalizados para el sistema operativo\producto2\proyecto\producto2\filelib\filelib.c(155): warning C4996: 'fopen': This function or variable may be unsafe. Consider using fopen_s instead. To disable deprecation, use _CRT_SECURE_NO_WARNINGS. See online help for details.
  c:\program files (x86)\windows kits\10\include\10.0.17134.0\ucrt\stdio.h(208): note: vea la declaración de 'fopen'
  filelib.vcxproj -> C:\Users\encode\GSFP-DAM\Proyectos\(P) ICX0_P4 Programa comandos personalizados para el sistema operativo\Producto2\Proyecto\Producto2\Debug\filelib.lib
