  filelib.c
c:\users\encode\gsfp-dam\proyectos\(p) icx0_p4 programa comandos personalizados para el sistema operativo\producto3\proyecto\proyecto3\filelib\filelib.c(48): warning C4047: 'función': 'char *' es distinto en los niveles de direccionamiento indirecto de 'char *[1024]'
c:\users\encode\gsfp-dam\proyectos\(p) icx0_p4 programa comandos personalizados para el sistema operativo\producto3\proyecto\proyecto3\filelib\filelib.c(48): warning C4024: 'fgets': tipos distintos para el parámetro formal y el parámetro real 1
c:\users\encode\gsfp-dam\proyectos\(p) icx0_p4 programa comandos personalizados para el sistema operativo\producto3\proyecto\proyecto3\filelib\filelib.c(50): warning C4047: 'función': 'const char *' es distinto en los niveles de direccionamiento indirecto de 'char *[1024]'
c:\users\encode\gsfp-dam\proyectos\(p) icx0_p4 programa comandos personalizados para el sistema operativo\producto3\proyecto\proyecto3\filelib\filelib.c(50): warning C4024: 'strstr': tipos distintos para el parámetro formal y el parámetro real 1
c:\users\encode\gsfp-dam\proyectos\(p) icx0_p4 programa comandos personalizados para el sistema operativo\producto3\proyecto\proyecto3\filelib\filelib.c(89): warning C4047: 'función': 'char *' es distinto en los niveles de direccionamiento indirecto de 'char *[1024]'
c:\users\encode\gsfp-dam\proyectos\(p) icx0_p4 programa comandos personalizados para el sistema operativo\producto3\proyecto\proyecto3\filelib\filelib.c(89): warning C4024: 'fgets': tipos distintos para el parámetro formal y el parámetro real 1
c:\users\encode\gsfp-dam\proyectos\(p) icx0_p4 programa comandos personalizados para el sistema operativo\producto3\proyecto\proyecto3\filelib\filelib.c(91): warning C4047: 'función': 'const char *' es distinto en los niveles de direccionamiento indirecto de 'char *[1024]'
c:\users\encode\gsfp-dam\proyectos\(p) icx0_p4 programa comandos personalizados para el sistema operativo\producto3\proyecto\proyecto3\filelib\filelib.c(91): warning C4024: 'check_content_of_file': tipos distintos para el parámetro formal y el parámetro real 2
c:\users\encode\gsfp-dam\proyectos\(p) icx0_p4 programa comandos personalizados para el sistema operativo\producto3\proyecto\proyecto3\filelib\filelib.c(93): warning C4047: 'función': 'const char *' es distinto en los niveles de direccionamiento indirecto de 'char *[1024]'
c:\users\encode\gsfp-dam\proyectos\(p) icx0_p4 programa comandos personalizados para el sistema operativo\producto3\proyecto\proyecto3\filelib\filelib.c(93): warning C4024: 'fputs': tipos distintos para el parámetro formal y el parámetro real 1
c:\users\encode\gsfp-dam\proyectos\(p) icx0_p4 programa comandos personalizados para el sistema operativo\producto3\proyecto\proyecto3\filelib\filelib.c(111): warning C4047: 'función': 'char *' es distinto en los niveles de direccionamiento indirecto de 'char *[1024]'
c:\users\encode\gsfp-dam\proyectos\(p) icx0_p4 programa comandos personalizados para el sistema operativo\producto3\proyecto\proyecto3\filelib\filelib.c(111): warning C4024: 'fgets': tipos distintos para el parámetro formal y el parámetro real 1
c:\users\encode\gsfp-dam\proyectos\(p) icx0_p4 programa comandos personalizados para el sistema operativo\producto3\proyecto\proyecto3\filelib\filelib.c(113): warning C4047: 'función': 'const char *' es distinto en los niveles de direccionamiento indirecto de 'char *[1024]'
c:\users\encode\gsfp-dam\proyectos\(p) icx0_p4 programa comandos personalizados para el sistema operativo\producto3\proyecto\proyecto3\filelib\filelib.c(113): warning C4024: 'fputs': tipos distintos para el parámetro formal y el parámetro real 1
c:\users\encode\gsfp-dam\proyectos\(p) icx0_p4 programa comandos personalizados para el sistema operativo\producto3\proyecto\proyecto3\filelib\filelib.c(78): warning C4996: 'tmpfile': This function or variable may be unsafe. Consider using tmpfile_s instead. To disable deprecation, use _CRT_SECURE_NO_WARNINGS. See online help for details.
  c:\program files (x86)\windows kits\10\include\10.0.17134.0\ucrt\stdio.h(430): note: vea la declaración de 'tmpfile'
c:\users\encode\gsfp-dam\proyectos\(p) icx0_p4 programa comandos personalizados para el sistema operativo\producto3\proyecto\proyecto3\filelib\filelib.c(126): warning C4996: 'fopen': This function or variable may be unsafe. Consider using fopen_s instead. To disable deprecation, use _CRT_SECURE_NO_WARNINGS. See online help for details.
  c:\program files (x86)\windows kits\10\include\10.0.17134.0\ucrt\stdio.h(208): note: vea la declaración de 'fopen'
c:\users\encode\gsfp-dam\proyectos\(p) icx0_p4 programa comandos personalizados para el sistema operativo\producto3\proyecto\proyecto3\filelib\filelib.c(133): warning C4996: 'fopen': This function or variable may be unsafe. Consider using fopen_s instead. To disable deprecation, use _CRT_SECURE_NO_WARNINGS. See online help for details.
  c:\program files (x86)\windows kits\10\include\10.0.17134.0\ucrt\stdio.h(208): note: vea la declaración de 'fopen'
  filelib.vcxproj -> C:\Users\encode\GSFP-DAM\Proyectos\(P) ICX0_P4 Programa comandos personalizados para el sistema operativo\Producto3\Proyecto\Proyecto3\Debug\filelib.lib
